2016-04-02 17:32PM - session_start(): Cannot send session cache limiter - headers already sent (output started at /Users/audemard/Dropbox/public_html/simplemvc/basenova/public/index.php:2) in /Users/audemard/Dropbox/public_html/simplemvc/basenova/system/Helpers/Session.php on line 29

Exception information:

           Date: Apr 02, 2016 17:42PM

           Message: orm/database.yml does not exists

           Code: 0

           File: /Users/audemard/Dropbox/public_html/simplemvc/basenova/app/Controllers/ORMGenerator.php

           Line: 39

           Stack trace:

           #0 [internal function]: App\Controllers\ORMGenerator->generate()
#1 /Users/audemard/Dropbox/public_html/simplemvc/basenova/system/Core/Router.php(213): call_user_func_array(Array, Array)
#2 /Users/audemard/Dropbox/public_html/simplemvc/basenova/system/Core/Router.php(244): Core\Router->invokeController('App\\Controllers...', 'generate', Array)
#3 /Users/audemard/Dropbox/public_html/simplemvc/basenova/system/Core/Router.php(281): Core\Router->invokeObject('App\\Controllers...', Array)
#4 /Users/audemard/Dropbox/public_html/simplemvc/basenova/app/Routes.php(39): Core\Router->dispatch()
#5 /Users/audemard/Dropbox/public_html/simplemvc/basenova/public/index.php(73): require('/Users/audemard...')
#6 {main}

           ---------

Exception information:

           Date: Apr 02, 2016 17:42PM

           Message: ../orm/database.yml does not exists

           Code: 0

           File: /Users/audemard/Dropbox/public_html/simplemvc/basenova/app/Controllers/ORMGenerator.php

           Line: 39

           Stack trace:

           #0 [internal function]: App\Controllers\ORMGenerator->generate()
#1 /Users/audemard/Dropbox/public_html/simplemvc/basenova/system/Core/Router.php(213): call_user_func_array(Array, Array)
#2 /Users/audemard/Dropbox/public_html/simplemvc/basenova/system/Core/Router.php(244): Core\Router->invokeController('App\\Controllers...', 'generate', Array)
#3 /Users/audemard/Dropbox/public_html/simplemvc/basenova/system/Core/Router.php(281): Core\Router->invokeObject('App\\Controllers...', Array)
#4 /Users/audemard/Dropbox/public_html/simplemvc/basenova/app/Routes.php(39): Core\Router->dispatch()
#5 /Users/audemard/Dropbox/public_html/simplemvc/basenova/public/index.php(73): require('/Users/audemard...')
#6 {main}

           ---------

2016-04-02 17:44PM - Invalid argument supplied for foreach() in /Users/audemard/Dropbox/public_html/simplemvc/basenova/app/Controllers/ORMGenerator.php on line 57

2016-04-02 17:46PM - Invalid argument supplied for foreach() in /Users/audemard/Dropbox/public_html/simplemvc/basenova/app/Controllers/ORMGenerator.php on line 57

Exception information:

           Date: Apr 02, 2016 17:46PM

           Message: SQLSTATE[42000]: Syntax error or access violation: 1064 You have an error in your SQL syntax; check the manual that corresponds to your MySQL server version for the right syntax to use near '0;
CREATE TABLE 0(id int(11) NOT NULL
);
ALTER TABLE 0 ADD PRIMARY KEY (id);
ALT' at line 1

           Code: 42000

           File: /Users/audemard/Dropbox/public_html/simplemvc/basenova/app/Controllers/ORMGenerator.php

           Line: 64

           Stack trace:

           #0 /Users/audemard/Dropbox/public_html/simplemvc/basenova/app/Controllers/ORMGenerator.php(64): PDO->query('DROP table IF E...')
#1 /Users/audemard/Dropbox/public_html/simplemvc/basenova/app/Controllers/ORMGenerator.php(43): App\Controllers\ORMGenerator->generateSQL()
#2 [internal function]: App\Controllers\ORMGenerator->generate()
#3 /Users/audemard/Dropbox/public_html/simplemvc/basenova/system/Core/Router.php(213): call_user_func_array(Array, Array)
#4 /Users/audemard/Dropbox/public_html/simplemvc/basenova/system/Core/Router.php(244): Core\Router->invokeController('App\\Controllers...', 'generate', Array)
#5 /Users/audemard/Dropbox/public_html/simplemvc/basenova/system/Core/Router.php(281): Core\Router->invokeObject('App\\Controllers...', Array)
#6 /Users/audemard/Dropbox/public_html/simplemvc/basenova/app/Routes.php(39): Core\Router->dispatch()
#7 /Users/audemard/Dropbox/public_html/simplemvc/basenova/public/index.php(73): require('/Users/audemard...')
#8 {main}

           ---------

2016-04-02 17:47PM - Invalid argument supplied for foreach() in /Users/audemard/Dropbox/public_html/simplemvc/basenova/app/Controllers/ORMGenerator.php on line 59

Exception information:

           Date: Apr 02, 2016 17:47PM

           Message: SQLSTATE[42000]: Syntax error or access violation: 1064 You have an error in your SQL syntax; check the manual that corresponds to your MySQL server version for the right syntax to use near '0;
CREATE TABLE 0(id int(11) NOT NULL
);
ALTER TABLE 0 ADD PRIMARY KEY (id);
ALT' at line 1

           Code: 42000

           File: /Users/audemard/Dropbox/public_html/simplemvc/basenova/app/Controllers/ORMGenerator.php

           Line: 66

           Stack trace:

           #0 /Users/audemard/Dropbox/public_html/simplemvc/basenova/app/Controllers/ORMGenerator.php(66): PDO->query('DROP table IF E...')
#1 /Users/audemard/Dropbox/public_html/simplemvc/basenova/app/Controllers/ORMGenerator.php(45): App\Controllers\ORMGenerator->generateSQL()
#2 [internal function]: App\Controllers\ORMGenerator->generate()
#3 /Users/audemard/Dropbox/public_html/simplemvc/basenova/system/Core/Router.php(213): call_user_func_array(Array, Array)
#4 /Users/audemard/Dropbox/public_html/simplemvc/basenova/system/Core/Router.php(244): Core\Router->invokeController('App\\Controllers...', 'generate', Array)
#5 /Users/audemard/Dropbox/public_html/simplemvc/basenova/system/Core/Router.php(281): Core\Router->invokeObject('App\\Controllers...', Array)
#6 /Users/audemard/Dropbox/public_html/simplemvc/basenova/app/Routes.php(39): Core\Router->dispatch()
#7 /Users/audemard/Dropbox/public_html/simplemvc/basenova/public/index.php(73): require('/Users/audemard...')
#8 {main}

           ---------

2016-04-02 17:47PM - Invalid argument supplied for foreach() in /Users/audemard/Dropbox/public_html/simplemvc/basenova/app/Controllers/ORMGenerator.php on line 59

Exception information:

           Date: Apr 02, 2016 17:47PM

           Message: SQLSTATE[42000]: Syntax error or access violation: 1064 You have an error in your SQL syntax; check the manual that corresponds to your MySQL server version for the right syntax to use near '0;
CREATE TABLE 0(id int(11) NOT NULL
);
ALTER TABLE 0 ADD PRIMARY KEY (id);
ALT' at line 1

           Code: 42000

           File: /Users/audemard/Dropbox/public_html/simplemvc/basenova/app/Controllers/ORMGenerator.php

           Line: 66

           Stack trace:

           #0 /Users/audemard/Dropbox/public_html/simplemvc/basenova/app/Controllers/ORMGenerator.php(66): PDO->query('DROP table IF E...')
#1 /Users/audemard/Dropbox/public_html/simplemvc/basenova/app/Controllers/ORMGenerator.php(45): App\Controllers\ORMGenerator->generateSQL()
#2 [internal function]: App\Controllers\ORMGenerator->generate()
#3 /Users/audemard/Dropbox/public_html/simplemvc/basenova/system/Core/Router.php(213): call_user_func_array(Array, Array)
#4 /Users/audemard/Dropbox/public_html/simplemvc/basenova/system/Core/Router.php(244): Core\Router->invokeController('App\\Controllers...', 'generate', Array)
#5 /Users/audemard/Dropbox/public_html/simplemvc/basenova/system/Core/Router.php(281): Core\Router->invokeObject('App\\Controllers...', Array)
#6 /Users/audemard/Dropbox/public_html/simplemvc/basenova/app/Routes.php(39): Core\Router->dispatch()
#7 /Users/audemard/Dropbox/public_html/simplemvc/basenova/public/index.php(73): require('/Users/audemard...')
#8 {main}

           ---------

Exception information:

           Date: Apr 02, 2016 17:50PM

           Message: The "app/views/ormgenerator" directory does not exist.

           Code: 0

           File: /Users/audemard/Dropbox/public_html/simplemvc/basenova/vendor/twig/twig/lib/Twig/Loader/Filesystem.php

           Line: 94

           Stack trace:

           #0 /Users/audemard/Dropbox/public_html/simplemvc/basenova/vendor/twig/twig/lib/Twig/Loader/Filesystem.php(76): Twig_Loader_Filesystem->addPath('app/views/ormge...', '__main__')
#1 /Users/audemard/Dropbox/public_html/simplemvc/basenova/vendor/twig/twig/lib/Twig/Loader/Filesystem.php(34): Twig_Loader_Filesystem->setPaths('app/views/ormge...')
#2 /Users/audemard/Dropbox/public_html/simplemvc/basenova/system/Helpers/Twig.php(61): Twig_Loader_Filesystem->__construct('app/views/ormge...')
#3 /Users/audemard/Dropbox/public_html/simplemvc/basenova/app/Controllers/ORMGenerator.php(83): Helpers\Twig::generateRendering('ormgenerator/qu...', Array)
#4 /Users/audemard/Dropbox/public_html/simplemvc/basenova/app/Controllers/ORMGenerator.php(46): App\Controllers\ORMGenerator->generateQueriesClasses()
#5 [internal function]: App\Controllers\ORMGenerator->generate()
#6 /Users/audemard/Dropbox/public_html/simplemvc/basenova/system/Core/Router.php(213): call_user_func_array(Array, Array)
#7 /Users/audemard/Dropbox/public_html/simplemvc/basenova/system/Core/Router.php(244): Core\Router->invokeController('App\\Controllers...', 'generate', Array)
#8 /Users/audemard/Dropbox/public_html/simplemvc/basenova/system/Core/Router.php(281): Core\Router->invokeObject('App\\Controllers...', Array)
#9 /Users/audemard/Dropbox/public_html/simplemvc/basenova/app/Routes.php(39): Core\Router->dispatch()
#10 /Users/audemard/Dropbox/public_html/simplemvc/basenova/public/index.php(73): require('/Users/audemard...')
#11 {main}

           ---------

Exception information:

           Date: Apr 02, 2016 17:56PM

           Message: The "app/views/ormgenerator" directory does not exist.

           Code: 0

           File: /Users/audemard/Dropbox/public_html/simplemvc/basenova/vendor/twig/twig/lib/Twig/Loader/Filesystem.php

           Line: 94

           Stack trace:

           #0 /Users/audemard/Dropbox/public_html/simplemvc/basenova/vendor/twig/twig/lib/Twig/Loader/Filesystem.php(76): Twig_Loader_Filesystem->addPath('app/views/ormge...', '__main__')
#1 /Users/audemard/Dropbox/public_html/simplemvc/basenova/vendor/twig/twig/lib/Twig/Loader/Filesystem.php(34): Twig_Loader_Filesystem->setPaths('app/views/ormge...')
#2 /Users/audemard/Dropbox/public_html/simplemvc/basenova/system/Helpers/Twig.php(61): Twig_Loader_Filesystem->__construct('app/views/ormge...')
#3 /Users/audemard/Dropbox/public_html/simplemvc/basenova/app/Controllers/ORMGenerator.php(83): Helpers\Twig::generateRendering('ormgenerator/qu...', Array)
#4 /Users/audemard/Dropbox/public_html/simplemvc/basenova/app/Controllers/ORMGenerator.php(46): App\Controllers\ORMGenerator->generateQueriesClasses()
#5 [internal function]: App\Controllers\ORMGenerator->generate()
#6 /Users/audemard/Dropbox/public_html/simplemvc/basenova/system/Core/Router.php(213): call_user_func_array(Array, Array)
#7 /Users/audemard/Dropbox/public_html/simplemvc/basenova/system/Core/Router.php(244): Core\Router->invokeController('App\\Controllers...', 'generate', Array)
#8 /Users/audemard/Dropbox/public_html/simplemvc/basenova/system/Core/Router.php(281): Core\Router->invokeObject('App\\Controllers...', Array)
#9 /Users/audemard/Dropbox/public_html/simplemvc/basenova/app/Routes.php(39): Core\Router->dispatch()
#10 /Users/audemard/Dropbox/public_html/simplemvc/basenova/public/index.php(73): require('/Users/audemard...')
#11 {main}

           ---------

Exception information:

           Date: Apr 02, 2016 17:58PM

           Message: The "app/views/ORMGenerator" directory does not exist.

           Code: 0

           File: /Users/audemard/Dropbox/public_html/simplemvc/basenova/vendor/twig/twig/lib/Twig/Loader/Filesystem.php

           Line: 94

           Stack trace:

           #0 /Users/audemard/Dropbox/public_html/simplemvc/basenova/vendor/twig/twig/lib/Twig/Loader/Filesystem.php(76): Twig_Loader_Filesystem->addPath('app/views/ORMGe...', '__main__')
#1 /Users/audemard/Dropbox/public_html/simplemvc/basenova/vendor/twig/twig/lib/Twig/Loader/Filesystem.php(34): Twig_Loader_Filesystem->setPaths('app/views/ORMGe...')
#2 /Users/audemard/Dropbox/public_html/simplemvc/basenova/system/Helpers/Twig.php(61): Twig_Loader_Filesystem->__construct('app/views/ORMGe...')
#3 /Users/audemard/Dropbox/public_html/simplemvc/basenova/app/Controllers/ORMGenerator.php(83): Helpers\Twig::generateRendering('ORMGenerator/qu...', Array)
#4 /Users/audemard/Dropbox/public_html/simplemvc/basenova/app/Controllers/ORMGenerator.php(46): App\Controllers\ORMGenerator->generateQueriesClasses()
#5 [internal function]: App\Controllers\ORMGenerator->generate()
#6 /Users/audemard/Dropbox/public_html/simplemvc/basenova/system/Core/Router.php(213): call_user_func_array(Array, Array)
#7 /Users/audemard/Dropbox/public_html/simplemvc/basenova/system/Core/Router.php(244): Core\Router->invokeController('App\\Controllers...', 'generate', Array)
#8 /Users/audemard/Dropbox/public_html/simplemvc/basenova/system/Core/Router.php(281): Core\Router->invokeObject('App\\Controllers...', Array)
#9 /Users/audemard/Dropbox/public_html/simplemvc/basenova/app/Routes.php(39): Core\Router->dispatch()
#10 /Users/audemard/Dropbox/public_html/simplemvc/basenova/public/index.php(73): require('/Users/audemard...')
#11 {main}

           ---------

Exception information:

           Date: Apr 02, 2016 17:59PM

           Message: The "/Users/audemard/Dropbox/public_html/simplemvc/basenova/app/ORMGenerator" directory does not exist.

           Code: 0

           File: /Users/audemard/Dropbox/public_html/simplemvc/basenova/vendor/twig/twig/lib/Twig/Loader/Filesystem.php

           Line: 94

           Stack trace:

           #0 /Users/audemard/Dropbox/public_html/simplemvc/basenova/vendor/twig/twig/lib/Twig/Loader/Filesystem.php(76): Twig_Loader_Filesystem->addPath('/Users/audemard...', '__main__')
#1 /Users/audemard/Dropbox/public_html/simplemvc/basenova/vendor/twig/twig/lib/Twig/Loader/Filesystem.php(34): Twig_Loader_Filesystem->setPaths('/Users/audemard...')
#2 /Users/audemard/Dropbox/public_html/simplemvc/basenova/system/Helpers/Twig.php(61): Twig_Loader_Filesystem->__construct('/Users/audemard...')
#3 /Users/audemard/Dropbox/public_html/simplemvc/basenova/app/Controllers/ORMGenerator.php(83): Helpers\Twig::generateRendering('ORMGenerator/qu...', Array)
#4 /Users/audemard/Dropbox/public_html/simplemvc/basenova/app/Controllers/ORMGenerator.php(46): App\Controllers\ORMGenerator->generateQueriesClasses()
#5 [internal function]: App\Controllers\ORMGenerator->generate()
#6 /Users/audemard/Dropbox/public_html/simplemvc/basenova/system/Core/Router.php(213): call_user_func_array(Array, Array)
#7 /Users/audemard/Dropbox/public_html/simplemvc/basenova/system/Core/Router.php(244): Core\Router->invokeController('App\\Controllers...', 'generate', Array)
#8 /Users/audemard/Dropbox/public_html/simplemvc/basenova/system/Core/Router.php(281): Core\Router->invokeObject('App\\Controllers...', Array)
#9 /Users/audemard/Dropbox/public_html/simplemvc/basenova/app/Routes.php(39): Core\Router->dispatch()
#10 /Users/audemard/Dropbox/public_html/simplemvc/basenova/public/index.php(73): require('/Users/audemard...')
#11 {main}

           ---------

2016-04-03 9:28AM - require(/Users/audemard/Dropbox/public_html/simplemvc/basenova/app/Views/user/login.php): failed to open stream: No such file or directory in /Users/audemard/Dropbox/public_html/simplemvc/basenova/system/Core/View.php on line 41

2016-04-03 9:28AM - require(/Users/audemard/Dropbox/public_html/simplemvc/basenova/app/Modules/Views/login.php): failed to open stream: No such file or directory in /Users/audemard/Dropbox/public_html/simplemvc/basenova/system/Core/View.php on line 62

Exception information:

           Date: Oct 31, 2016 15:13PM

           Message: SQLSTATE[HY000] [1045] Access denied for user 'audemard'@'localhost' (using password: YES)

           Code: 1045

           File: /Users/maxencelucas/Sites/basenova/system/Helpers/DB/DBManager.php

           Line: 22

           Stack trace:

           #0 /Users/maxencelucas/Sites/basenova/system/Helpers/DB/DBManager.php(22): PDO->__construct('mysql:host=loca...', 'audemard', '********', Array)
#1 /Users/maxencelucas/Sites/basenova/system/Helpers/DB/DBManager.php(35): Helpers\DB\DBManager->__construct()
#2 /Users/maxencelucas/Sites/basenova/system/Helpers/DB/Query.php(43): Helpers\DB\DBManager::getInstance()
#3 /Users/maxencelucas/Sites/basenova/app/Modules/User/User.php(27): Helpers\DB\Query->__construct()
#4 /Users/maxencelucas/Sites/basenova/system/Core/Router.php(205): App\Modules\User\User->__construct()
#5 /Users/maxencelucas/Sites/basenova/system/Core/Router.php(244): Core\Router->invokeController('App\\Modules\\Use...', 'register', Array)
#6 /Users/maxencelucas/Sites/basenova/system/Core/Router.php(281): Core\Router->invokeObject('App\\Modules\\Use...', Array)
#7 /Users/maxencelucas/Sites/basenova/app/Routes.php(46): Core\Router->dispatch()
#8 /Users/maxencelucas/Sites/basenova/index.php(73): require('/Users/maxencel...')
#9 {main}

           ---------

Exception information:

           Date: Oct 31, 2016 15:14PM

           Message: SQLSTATE[HY000] [1045] Access denied for user 'audemard'@'localhost' (using password: YES)

           Code: 1045

           File: /Users/maxencelucas/Sites/basenova/system/Helpers/DB/DBManager.php

           Line: 22

           Stack trace:

           #0 /Users/maxencelucas/Sites/basenova/system/Helpers/DB/DBManager.php(22): PDO->__construct('mysql:host=loca...', 'audemard', '********', Array)
#1 /Users/maxencelucas/Sites/basenova/system/Helpers/DB/DBManager.php(35): Helpers\DB\DBManager->__construct()
#2 /Users/maxencelucas/Sites/basenova/system/Helpers/DB/Query.php(43): Helpers\DB\DBManager::getInstance()
#3 /Users/maxencelucas/Sites/basenova/app/Modules/User/User.php(27): Helpers\DB\Query->__construct()
#4 /Users/maxencelucas/Sites/basenova/system/Core/Router.php(205): App\Modules\User\User->__construct()
#5 /Users/maxencelucas/Sites/basenova/system/Core/Router.php(244): Core\Router->invokeController('App\\Modules\\Use...', 'register', Array)
#6 /Users/maxencelucas/Sites/basenova/system/Core/Router.php(281): Core\Router->invokeObject('App\\Modules\\Use...', Array)
#7 /Users/maxencelucas/Sites/basenova/app/Routes.php(46): Core\Router->dispatch()
#8 /Users/maxencelucas/Sites/basenova/index.php(73): require('/Users/maxencel...')
#9 {main}

           ---------

Exception information:

           Date: Jan 30, 2017 22:30PM

           Message: Unable to find template "gallery.twig" (looked into: /Users/dylanlecigne/Sites/gite/app/Views/Gallery).

           Code: 0

           File: /Users/dylanlecigne/Sites/gite/vendor/twig/twig/lib/Twig/Loader/Filesystem.php

           Line: 215

           Stack trace:

           #0 /Users/dylanlecigne/Sites/gite/vendor/twig/twig/lib/Twig/Loader/Filesystem.php(139): Twig_Loader_Filesystem->findTemplate('gallery.twig')
#1 /Users/dylanlecigne/Sites/gite/vendor/twig/twig/lib/Twig/Environment.php(312): Twig_Loader_Filesystem->getCacheKey('gallery.twig')
#2 /Users/dylanlecigne/Sites/gite/vendor/twig/twig/lib/Twig/Environment.php(378): Twig_Environment->getTemplateClass('gallery.twig', NULL)
#3 /Users/dylanlecigne/Sites/gite/vendor/twig/twig/lib/Twig/Environment.php(347): Twig_Environment->loadTemplate('gallery.twig')
#4 /Users/dylanlecigne/Sites/gite/system/Helpers/Twig.php(88): Twig_Environment->render('gallery.twig', Array)
#5 /Users/dylanlecigne/Sites/gite/system/Helpers/Twig.php(54): Helpers\Twig::generateRendering('Gallery/gallery', Array, 'twig')
#6 /Users/dylanlecigne/Sites/gite/app/Controllers/Gallery.php(40): Helpers\Twig::render('Gallery/gallery', Array)
#7 [internal function]: App\Controllers\Gallery->index()
#8 /Users/dylanlecigne/Sites/gite/system/Core/Router.php(213): call_user_func_array(Array, Array)
#9 /Users/dylanlecigne/Sites/gite/system/Core/Router.php(244): Core\Router->invokeController('App\\Controllers...', 'index', Array)
#10 /Users/dylanlecigne/Sites/gite/system/Core/Router.php(281): Core\Router->invokeObject('App\\Controllers...', Array)
#11 /Users/dylanlecigne/Sites/gite/app/Routes.php(50): Core\Router->dispatch()
#12 /Users/dylanlecigne/Sites/gite/index.php(73): require('/Users/dylanlec...')
#13 {main}

           ---------

Exception information:

           Date: Jan 30, 2017 23:09PM

           Message: Unable to find template "gallery.twig" (looked into: /Users/dylanlecigne/Sites/gite/app/Views/Gallery).

           Code: 0

           File: /Users/dylanlecigne/Sites/gite/vendor/twig/twig/lib/Twig/Loader/Filesystem.php

           Line: 215

           Stack trace:

           #0 /Users/dylanlecigne/Sites/gite/vendor/twig/twig/lib/Twig/Loader/Filesystem.php(139): Twig_Loader_Filesystem->findTemplate('gallery.twig')
#1 /Users/dylanlecigne/Sites/gite/vendor/twig/twig/lib/Twig/Environment.php(312): Twig_Loader_Filesystem->getCacheKey('gallery.twig')
#2 /Users/dylanlecigne/Sites/gite/vendor/twig/twig/lib/Twig/Environment.php(378): Twig_Environment->getTemplateClass('gallery.twig', NULL)
#3 /Users/dylanlecigne/Sites/gite/vendor/twig/twig/lib/Twig/Environment.php(347): Twig_Environment->loadTemplate('gallery.twig')
#4 /Users/dylanlecigne/Sites/gite/system/Helpers/Twig.php(88): Twig_Environment->render('gallery.twig', Array)
#5 /Users/dylanlecigne/Sites/gite/system/Helpers/Twig.php(54): Helpers\Twig::generateRendering('Gallery/gallery', Array, 'twig')
#6 /Users/dylanlecigne/Sites/gite/app/Controllers/Gallery.php(40): Helpers\Twig::render('Gallery/gallery', Array)
#7 [internal function]: App\Controllers\Gallery->index()
#8 /Users/dylanlecigne/Sites/gite/system/Core/Router.php(213): call_user_func_array(Array, Array)
#9 /Users/dylanlecigne/Sites/gite/system/Core/Router.php(244): Core\Router->invokeController('App\\Controllers...', 'index', Array)
#10 /Users/dylanlecigne/Sites/gite/system/Core/Router.php(281): Core\Router->invokeObject('App\\Controllers...', Array)
#11 /Users/dylanlecigne/Sites/gite/app/Routes.php(50): Core\Router->dispatch()
#12 /Users/dylanlecigne/Sites/gite/index.php(73): require('/Users/dylanlec...')
#13 {main}

           ---------

Exception information:

           Date: Jan 30, 2017 23:14PM

           Message: Unable to find template "gallery.twig" (looked into: /Users/dylanlecigne/Sites/gite/app/Views/Gallery).

           Code: 0

           File: /Users/dylanlecigne/Sites/gite/vendor/twig/twig/lib/Twig/Loader/Filesystem.php

           Line: 215

           Stack trace:

           #0 /Users/dylanlecigne/Sites/gite/vendor/twig/twig/lib/Twig/Loader/Filesystem.php(139): Twig_Loader_Filesystem->findTemplate('gallery.twig')
#1 /Users/dylanlecigne/Sites/gite/vendor/twig/twig/lib/Twig/Environment.php(312): Twig_Loader_Filesystem->getCacheKey('gallery.twig')
#2 /Users/dylanlecigne/Sites/gite/vendor/twig/twig/lib/Twig/Environment.php(378): Twig_Environment->getTemplateClass('gallery.twig', NULL)
#3 /Users/dylanlecigne/Sites/gite/vendor/twig/twig/lib/Twig/Environment.php(347): Twig_Environment->loadTemplate('gallery.twig')
#4 /Users/dylanlecigne/Sites/gite/system/Helpers/Twig.php(88): Twig_Environment->render('gallery.twig', Array)
#5 /Users/dylanlecigne/Sites/gite/system/Helpers/Twig.php(54): Helpers\Twig::generateRendering('Gallery/gallery', Array, 'twig')
#6 /Users/dylanlecigne/Sites/gite/app/Controllers/Gallery.php(40): Helpers\Twig::render('Gallery/gallery', Array)
#7 [internal function]: App\Controllers\Gallery->index()
#8 /Users/dylanlecigne/Sites/gite/system/Core/Router.php(213): call_user_func_array(Array, Array)
#9 /Users/dylanlecigne/Sites/gite/system/Core/Router.php(244): Core\Router->invokeController('App\\Controllers...', 'index', Array)
#10 /Users/dylanlecigne/Sites/gite/system/Core/Router.php(281): Core\Router->invokeObject('App\\Controllers...', Array)
#11 /Users/dylanlecigne/Sites/gite/app/Routes.php(50): Core\Router->dispatch()
#12 /Users/dylanlecigne/Sites/gite/index.php(73): require('/Users/dylanlec...')
#13 {main}

           ---------

Exception information:

           Date: Jan 30, 2017 23:14PM

           Message: Unable to find template "gallery.twig" (looked into: /Users/dylanlecigne/Sites/gite/app/Views/Gallery).

           Code: 0

           File: /Users/dylanlecigne/Sites/gite/vendor/twig/twig/lib/Twig/Loader/Filesystem.php

           Line: 215

           Stack trace:

           #0 /Users/dylanlecigne/Sites/gite/vendor/twig/twig/lib/Twig/Loader/Filesystem.php(139): Twig_Loader_Filesystem->findTemplate('gallery.twig')
#1 /Users/dylanlecigne/Sites/gite/vendor/twig/twig/lib/Twig/Environment.php(312): Twig_Loader_Filesystem->getCacheKey('gallery.twig')
#2 /Users/dylanlecigne/Sites/gite/vendor/twig/twig/lib/Twig/Environment.php(378): Twig_Environment->getTemplateClass('gallery.twig', NULL)
#3 /Users/dylanlecigne/Sites/gite/vendor/twig/twig/lib/Twig/Environment.php(347): Twig_Environment->loadTemplate('gallery.twig')
#4 /Users/dylanlecigne/Sites/gite/system/Helpers/Twig.php(88): Twig_Environment->render('gallery.twig', Array)
#5 /Users/dylanlecigne/Sites/gite/system/Helpers/Twig.php(54): Helpers\Twig::generateRendering('Gallery/gallery', Array, 'twig')
#6 /Users/dylanlecigne/Sites/gite/app/Controllers/Gallery.php(40): Helpers\Twig::render('Gallery/gallery', Array)
#7 [internal function]: App\Controllers\Gallery->index()
#8 /Users/dylanlecigne/Sites/gite/system/Core/Router.php(213): call_user_func_array(Array, Array)
#9 /Users/dylanlecigne/Sites/gite/system/Core/Router.php(244): Core\Router->invokeController('App\\Controllers...', 'index', Array)
#10 /Users/dylanlecigne/Sites/gite/system/Core/Router.php(281): Core\Router->invokeObject('App\\Controllers...', Array)
#11 /Users/dylanlecigne/Sites/gite/app/Routes.php(50): Core\Router->dispatch()
#12 /Users/dylanlecigne/Sites/gite/index.php(73): require('/Users/dylanlec...')
#13 {main}

           ---------

Exception information:

           Date: Jan 30, 2017 23:17PM

           Message: Unable to find template "gallery.php.twig" (looked into: /Users/dylanlecigne/Sites/gite/app/Views/Gallery).

           Code: 0

           File: /Users/dylanlecigne/Sites/gite/vendor/twig/twig/lib/Twig/Loader/Filesystem.php

           Line: 215

           Stack trace:

           #0 /Users/dylanlecigne/Sites/gite/vendor/twig/twig/lib/Twig/Loader/Filesystem.php(139): Twig_Loader_Filesystem->findTemplate('gallery.php.twi...')
#1 /Users/dylanlecigne/Sites/gite/vendor/twig/twig/lib/Twig/Environment.php(312): Twig_Loader_Filesystem->getCacheKey('gallery.php.twi...')
#2 /Users/dylanlecigne/Sites/gite/vendor/twig/twig/lib/Twig/Environment.php(378): Twig_Environment->getTemplateClass('gallery.php.twi...', NULL)
#3 /Users/dylanlecigne/Sites/gite/vendor/twig/twig/lib/Twig/Environment.php(347): Twig_Environment->loadTemplate('gallery.php.twi...')
#4 /Users/dylanlecigne/Sites/gite/system/Helpers/Twig.php(88): Twig_Environment->render('gallery.php.twi...', Array)
#5 /Users/dylanlecigne/Sites/gite/system/Helpers/Twig.php(54): Helpers\Twig::generateRendering('Gallery/gallery...', Array, 'twig')
#6 /Users/dylanlecigne/Sites/gite/app/Controllers/Gallery.php(40): Helpers\Twig::render('Gallery/gallery...', Array)
#7 [internal function]: App\Controllers\Gallery->index()
#8 /Users/dylanlecigne/Sites/gite/system/Core/Router.php(213): call_user_func_array(Array, Array)
#9 /Users/dylanlecigne/Sites/gite/system/Core/Router.php(244): Core\Router->invokeController('App\\Controllers...', 'index', Array)
#10 /Users/dylanlecigne/Sites/gite/system/Core/Router.php(281): Core\Router->invokeObject('App\\Controllers...', Array)
#11 /Users/dylanlecigne/Sites/gite/app/Routes.php(50): Core\Router->dispatch()
#12 /Users/dylanlecigne/Sites/gite/index.php(73): require('/Users/dylanlec...')
#13 {main}

           ---------

Exception information:

           Date: Jan 30, 2017 23:17PM

           Message: Unable to find template "gallery.php.twig" (looked into: /Users/dylanlecigne/Sites/gite/app/Views/Gallery).

           Code: 0

           File: /Users/dylanlecigne/Sites/gite/vendor/twig/twig/lib/Twig/Loader/Filesystem.php

           Line: 215

           Stack trace:

           #0 /Users/dylanlecigne/Sites/gite/vendor/twig/twig/lib/Twig/Loader/Filesystem.php(139): Twig_Loader_Filesystem->findTemplate('gallery.php.twi...')
#1 /Users/dylanlecigne/Sites/gite/vendor/twig/twig/lib/Twig/Environment.php(312): Twig_Loader_Filesystem->getCacheKey('gallery.php.twi...')
#2 /Users/dylanlecigne/Sites/gite/vendor/twig/twig/lib/Twig/Environment.php(378): Twig_Environment->getTemplateClass('gallery.php.twi...', NULL)
#3 /Users/dylanlecigne/Sites/gite/vendor/twig/twig/lib/Twig/Environment.php(347): Twig_Environment->loadTemplate('gallery.php.twi...')
#4 /Users/dylanlecigne/Sites/gite/system/Helpers/Twig.php(88): Twig_Environment->render('gallery.php.twi...', Array)
#5 /Users/dylanlecigne/Sites/gite/system/Helpers/Twig.php(54): Helpers\Twig::generateRendering('Gallery/gallery...', Array, 'twig')
#6 /Users/dylanlecigne/Sites/gite/app/Controllers/Gallery.php(40): Helpers\Twig::render('Gallery/gallery...', Array)
#7 [internal function]: App\Controllers\Gallery->index()
#8 /Users/dylanlecigne/Sites/gite/system/Core/Router.php(213): call_user_func_array(Array, Array)
#9 /Users/dylanlecigne/Sites/gite/system/Core/Router.php(244): Core\Router->invokeController('App\\Controllers...', 'index', Array)
#10 /Users/dylanlecigne/Sites/gite/system/Core/Router.php(281): Core\Router->invokeObject('App\\Controllers...', Array)
#11 /Users/dylanlecigne/Sites/gite/app/Routes.php(50): Core\Router->dispatch()
#12 /Users/dylanlecigne/Sites/gite/index.php(73): require('/Users/dylanlec...')
#13 {main}

           ---------

Exception information:

           Date: Jan 30, 2017 23:17PM

           Message: Unable to find template "gallery.twig" (looked into: /Users/dylanlecigne/Sites/gite/app/Views/Gallery).

           Code: 0

           File: /Users/dylanlecigne/Sites/gite/vendor/twig/twig/lib/Twig/Loader/Filesystem.php

           Line: 215

           Stack trace:

           #0 /Users/dylanlecigne/Sites/gite/vendor/twig/twig/lib/Twig/Loader/Filesystem.php(139): Twig_Loader_Filesystem->findTemplate('gallery.twig')
#1 /Users/dylanlecigne/Sites/gite/vendor/twig/twig/lib/Twig/Environment.php(312): Twig_Loader_Filesystem->getCacheKey('gallery.twig')
#2 /Users/dylanlecigne/Sites/gite/vendor/twig/twig/lib/Twig/Environment.php(378): Twig_Environment->getTemplateClass('gallery.twig', NULL)
#3 /Users/dylanlecigne/Sites/gite/vendor/twig/twig/lib/Twig/Environment.php(347): Twig_Environment->loadTemplate('gallery.twig')
#4 /Users/dylanlecigne/Sites/gite/system/Helpers/Twig.php(88): Twig_Environment->render('gallery.twig', Array)
#5 /Users/dylanlecigne/Sites/gite/system/Helpers/Twig.php(54): Helpers\Twig::generateRendering('Gallery/gallery', Array, 'twig')
#6 /Users/dylanlecigne/Sites/gite/app/Controllers/Gallery.php(40): Helpers\Twig::render('Gallery/gallery', Array)
#7 [internal function]: App\Controllers\Gallery->index()
#8 /Users/dylanlecigne/Sites/gite/system/Core/Router.php(213): call_user_func_array(Array, Array)
#9 /Users/dylanlecigne/Sites/gite/system/Core/Router.php(244): Core\Router->invokeController('App\\Controllers...', 'index', Array)
#10 /Users/dylanlecigne/Sites/gite/system/Core/Router.php(281): Core\Router->invokeObject('App\\Controllers...', Array)
#11 /Users/dylanlecigne/Sites/gite/app/Routes.php(50): Core\Router->dispatch()
#12 /Users/dylanlecigne/Sites/gite/index.php(73): require('/Users/dylanlec...')
#13 {main}

           ---------

Exception information:

           Date: Jan 30, 2017 23:19PM

           Message: Unable to find template "gallery.twig" (looked into: /Users/dylanlecigne/Sites/gite/app/Views/Gallery).

           Code: 0

           File: /Users/dylanlecigne/Sites/gite/vendor/twig/twig/lib/Twig/Loader/Filesystem.php

           Line: 215

           Stack trace:

           #0 /Users/dylanlecigne/Sites/gite/vendor/twig/twig/lib/Twig/Loader/Filesystem.php(139): Twig_Loader_Filesystem->findTemplate('gallery.twig')
#1 /Users/dylanlecigne/Sites/gite/vendor/twig/twig/lib/Twig/Environment.php(312): Twig_Loader_Filesystem->getCacheKey('gallery.twig')
#2 /Users/dylanlecigne/Sites/gite/vendor/twig/twig/lib/Twig/Environment.php(378): Twig_Environment->getTemplateClass('gallery.twig', NULL)
#3 /Users/dylanlecigne/Sites/gite/vendor/twig/twig/lib/Twig/Environment.php(347): Twig_Environment->loadTemplate('gallery.twig')
#4 /Users/dylanlecigne/Sites/gite/system/Helpers/Twig.php(88): Twig_Environment->render('gallery.twig', Array)
#5 /Users/dylanlecigne/Sites/gite/system/Helpers/Twig.php(54): Helpers\Twig::generateRendering('Gallery/gallery', Array, 'twig')
#6 /Users/dylanlecigne/Sites/gite/app/Controllers/Gallery.php(42): Helpers\Twig::render('Gallery/gallery', Array)
#7 [internal function]: App\Controllers\Gallery->index()
#8 /Users/dylanlecigne/Sites/gite/system/Core/Router.php(213): call_user_func_array(Array, Array)
#9 /Users/dylanlecigne/Sites/gite/system/Core/Router.php(244): Core\Router->invokeController('App\\Controllers...', 'index', Array)
#10 /Users/dylanlecigne/Sites/gite/system/Core/Router.php(281): Core\Router->invokeObject('App\\Controllers...', Array)
#11 /Users/dylanlecigne/Sites/gite/app/Routes.php(50): Core\Router->dispatch()
#12 /Users/dylanlecigne/Sites/gite/index.php(73): require('/Users/dylanlec...')
#13 {main}

           ---------

Exception information:

           Date: Jan 30, 2017 23:20PM

           Message: Unable to find template "gallery.twig" (looked into: /Users/dylanlecigne/Sites/gite/app/Views/Gallery).

           Code: 0

           File: /Users/dylanlecigne/Sites/gite/vendor/twig/twig/lib/Twig/Loader/Filesystem.php

           Line: 215

           Stack trace:

           #0 /Users/dylanlecigne/Sites/gite/vendor/twig/twig/lib/Twig/Loader/Filesystem.php(139): Twig_Loader_Filesystem->findTemplate('gallery.twig')
#1 /Users/dylanlecigne/Sites/gite/vendor/twig/twig/lib/Twig/Environment.php(312): Twig_Loader_Filesystem->getCacheKey('gallery.twig')
#2 /Users/dylanlecigne/Sites/gite/vendor/twig/twig/lib/Twig/Environment.php(378): Twig_Environment->getTemplateClass('gallery.twig', NULL)
#3 /Users/dylanlecigne/Sites/gite/vendor/twig/twig/lib/Twig/Environment.php(347): Twig_Environment->loadTemplate('gallery.twig')
#4 /Users/dylanlecigne/Sites/gite/system/Helpers/Twig.php(88): Twig_Environment->render('gallery.twig', Array)
#5 /Users/dylanlecigne/Sites/gite/system/Helpers/Twig.php(54): Helpers\Twig::generateRendering('Gallery/gallery', Array, 'twig')
#6 /Users/dylanlecigne/Sites/gite/app/Controllers/Gallery.php(42): Helpers\Twig::render('Gallery/gallery', Array)
#7 [internal function]: App\Controllers\Gallery->index()
#8 /Users/dylanlecigne/Sites/gite/system/Core/Router.php(213): call_user_func_array(Array, Array)
#9 /Users/dylanlecigne/Sites/gite/system/Core/Router.php(244): Core\Router->invokeController('App\\Controllers...', 'index', Array)
#10 /Users/dylanlecigne/Sites/gite/system/Core/Router.php(281): Core\Router->invokeObject('App\\Controllers...', Array)
#11 /Users/dylanlecigne/Sites/gite/app/Routes.php(50): Core\Router->dispatch()
#12 /Users/dylanlecigne/Sites/gite/index.php(73): require('/Users/dylanlec...')
#13 {main}

           ---------

Exception information:

           Date: Jan 31, 2017 9:29AM

           Message: Unable to find template "gallery.twig" (looked into: /Users/dylanlecigne/Sites/gite/app/Views/Gallery).

           Code: 0

           File: /Users/dylanlecigne/Sites/gite/vendor/twig/twig/lib/Twig/Loader/Filesystem.php

           Line: 215

           Stack trace:

           #0 /Users/dylanlecigne/Sites/gite/vendor/twig/twig/lib/Twig/Loader/Filesystem.php(139): Twig_Loader_Filesystem->findTemplate('gallery.twig')
#1 /Users/dylanlecigne/Sites/gite/vendor/twig/twig/lib/Twig/Environment.php(312): Twig_Loader_Filesystem->getCacheKey('gallery.twig')
#2 /Users/dylanlecigne/Sites/gite/vendor/twig/twig/lib/Twig/Environment.php(378): Twig_Environment->getTemplateClass('gallery.twig', NULL)
#3 /Users/dylanlecigne/Sites/gite/vendor/twig/twig/lib/Twig/Environment.php(347): Twig_Environment->loadTemplate('gallery.twig')
#4 /Users/dylanlecigne/Sites/gite/system/Helpers/Twig.php(88): Twig_Environment->render('gallery.twig', Array)
#5 /Users/dylanlecigne/Sites/gite/system/Helpers/Twig.php(54): Helpers\Twig::generateRendering('Gallery/gallery', Array, 'twig')
#6 /Users/dylanlecigne/Sites/gite/app/Controllers/Gallery.php(42): Helpers\Twig::render('Gallery/gallery', Array)
#7 [internal function]: App\Controllers\Gallery->index()
#8 /Users/dylanlecigne/Sites/gite/system/Core/Router.php(213): call_user_func_array(Array, Array)
#9 /Users/dylanlecigne/Sites/gite/system/Core/Router.php(244): Core\Router->invokeController('App\\Controllers...', 'index', Array)
#10 /Users/dylanlecigne/Sites/gite/system/Core/Router.php(281): Core\Router->invokeObject('App\\Controllers...', Array)
#11 /Users/dylanlecigne/Sites/gite/app/Routes.php(50): Core\Router->dispatch()
#12 /Users/dylanlecigne/Sites/gite/index.php(73): require('/Users/dylanlec...')
#13 {main}

           ---------

Exception information:

           Date: Jan 31, 2017 13:17PM

           Message: Unable to find template "gallery.twig" (looked into: /Users/dylanlecigne/Sites/gite/app/Views/Gallery).

           Code: 0

           File: /Users/dylanlecigne/Sites/gite/vendor/twig/twig/lib/Twig/Loader/Filesystem.php

           Line: 215

           Stack trace:

           #0 /Users/dylanlecigne/Sites/gite/vendor/twig/twig/lib/Twig/Loader/Filesystem.php(139): Twig_Loader_Filesystem->findTemplate('gallery.twig')
#1 /Users/dylanlecigne/Sites/gite/vendor/twig/twig/lib/Twig/Environment.php(312): Twig_Loader_Filesystem->getCacheKey('gallery.twig')
#2 /Users/dylanlecigne/Sites/gite/vendor/twig/twig/lib/Twig/Environment.php(378): Twig_Environment->getTemplateClass('gallery.twig', NULL)
#3 /Users/dylanlecigne/Sites/gite/vendor/twig/twig/lib/Twig/Environment.php(347): Twig_Environment->loadTemplate('gallery.twig')
#4 /Users/dylanlecigne/Sites/gite/system/Helpers/Twig.php(88): Twig_Environment->render('gallery.twig', Array)
#5 /Users/dylanlecigne/Sites/gite/system/Helpers/Twig.php(54): Helpers\Twig::generateRendering('Gallery/gallery', Array, 'twig')
#6 /Users/dylanlecigne/Sites/gite/app/Controllers/Gallery.php(42): Helpers\Twig::render('Gallery/gallery', Array)
#7 [internal function]: App\Controllers\Gallery->index()
#8 /Users/dylanlecigne/Sites/gite/system/Core/Router.php(213): call_user_func_array(Array, Array)
#9 /Users/dylanlecigne/Sites/gite/system/Core/Router.php(244): Core\Router->invokeController('App\\Controllers...', 'index', Array)
#10 /Users/dylanlecigne/Sites/gite/system/Core/Router.php(281): Core\Router->invokeObject('App\\Controllers...', Array)
#11 /Users/dylanlecigne/Sites/gite/app/Routes.php(50): Core\Router->dispatch()
#12 /Users/dylanlecigne/Sites/gite/index.php(73): require('/Users/dylanlec...')
#13 {main}

           ---------

Exception information:

           Date: Jan 31, 2017 13:17PM

           Message: Unable to find template "gallery.twig" (looked into: /Users/dylanlecigne/Sites/gite/app/Views/Gallery).

           Code: 0

           File: /Users/dylanlecigne/Sites/gite/vendor/twig/twig/lib/Twig/Loader/Filesystem.php

           Line: 215

           Stack trace:

           #0 /Users/dylanlecigne/Sites/gite/vendor/twig/twig/lib/Twig/Loader/Filesystem.php(139): Twig_Loader_Filesystem->findTemplate('gallery.twig')
#1 /Users/dylanlecigne/Sites/gite/vendor/twig/twig/lib/Twig/Environment.php(312): Twig_Loader_Filesystem->getCacheKey('gallery.twig')
#2 /Users/dylanlecigne/Sites/gite/vendor/twig/twig/lib/Twig/Environment.php(378): Twig_Environment->getTemplateClass('gallery.twig', NULL)
#3 /Users/dylanlecigne/Sites/gite/vendor/twig/twig/lib/Twig/Environment.php(347): Twig_Environment->loadTemplate('gallery.twig')
#4 /Users/dylanlecigne/Sites/gite/system/Helpers/Twig.php(88): Twig_Environment->render('gallery.twig', Array)
#5 /Users/dylanlecigne/Sites/gite/system/Helpers/Twig.php(54): Helpers\Twig::generateRendering('Gallery/gallery', Array, 'twig')
#6 /Users/dylanlecigne/Sites/gite/app/Controllers/Gallery.php(42): Helpers\Twig::render('Gallery/gallery', Array)
#7 [internal function]: App\Controllers\Gallery->index()
#8 /Users/dylanlecigne/Sites/gite/system/Core/Router.php(213): call_user_func_array(Array, Array)
#9 /Users/dylanlecigne/Sites/gite/system/Core/Router.php(244): Core\Router->invokeController('App\\Controllers...', 'index', Array)
#10 /Users/dylanlecigne/Sites/gite/system/Core/Router.php(281): Core\Router->invokeObject('App\\Controllers...', Array)
#11 /Users/dylanlecigne/Sites/gite/app/Routes.php(50): Core\Router->dispatch()
#12 /Users/dylanlecigne/Sites/gite/index.php(73): require('/Users/dylanlec...')
#13 {main}

           ---------

Exception information:

           Date: Jan 31, 2017 13:17PM

           Message: Unable to find template "gallery.twig" (looked into: /Users/dylanlecigne/Sites/gite/app/Views/Gallery).

           Code: 0

           File: /Users/dylanlecigne/Sites/gite/vendor/twig/twig/lib/Twig/Loader/Filesystem.php

           Line: 215

           Stack trace:

           #0 /Users/dylanlecigne/Sites/gite/vendor/twig/twig/lib/Twig/Loader/Filesystem.php(139): Twig_Loader_Filesystem->findTemplate('gallery.twig')
#1 /Users/dylanlecigne/Sites/gite/vendor/twig/twig/lib/Twig/Environment.php(312): Twig_Loader_Filesystem->getCacheKey('gallery.twig')
#2 /Users/dylanlecigne/Sites/gite/vendor/twig/twig/lib/Twig/Environment.php(378): Twig_Environment->getTemplateClass('gallery.twig', NULL)
#3 /Users/dylanlecigne/Sites/gite/vendor/twig/twig/lib/Twig/Environment.php(347): Twig_Environment->loadTemplate('gallery.twig')
#4 /Users/dylanlecigne/Sites/gite/system/Helpers/Twig.php(88): Twig_Environment->render('gallery.twig', Array)
#5 /Users/dylanlecigne/Sites/gite/system/Helpers/Twig.php(54): Helpers\Twig::generateRendering('Gallery/gallery', Array, 'twig')
#6 /Users/dylanlecigne/Sites/gite/app/Controllers/Gallery.php(42): Helpers\Twig::render('Gallery/gallery', Array)
#7 [internal function]: App\Controllers\Gallery->index()
#8 /Users/dylanlecigne/Sites/gite/system/Core/Router.php(213): call_user_func_array(Array, Array)
#9 /Users/dylanlecigne/Sites/gite/system/Core/Router.php(244): Core\Router->invokeController('App\\Controllers...', 'index', Array)
#10 /Users/dylanlecigne/Sites/gite/system/Core/Router.php(281): Core\Router->invokeObject('App\\Controllers...', Array)
#11 /Users/dylanlecigne/Sites/gite/app/Routes.php(50): Core\Router->dispatch()
#12 /Users/dylanlecigne/Sites/gite/index.php(73): require('/Users/dylanlec...')
#13 {main}

           ---------

Exception information:

           Date: Jan 31, 2017 13:19PM

           Message: Unable to find template "gallery.twig" (looked into: /Users/dylanlecigne/Sites/gite/app/Views/Gallery).

           Code: 0

           File: /Users/dylanlecigne/Sites/gite/vendor/twig/twig/lib/Twig/Loader/Filesystem.php

           Line: 215

           Stack trace:

           #0 /Users/dylanlecigne/Sites/gite/vendor/twig/twig/lib/Twig/Loader/Filesystem.php(139): Twig_Loader_Filesystem->findTemplate('gallery.twig')
#1 /Users/dylanlecigne/Sites/gite/vendor/twig/twig/lib/Twig/Environment.php(312): Twig_Loader_Filesystem->getCacheKey('gallery.twig')
#2 /Users/dylanlecigne/Sites/gite/vendor/twig/twig/lib/Twig/Environment.php(378): Twig_Environment->getTemplateClass('gallery.twig', NULL)
#3 /Users/dylanlecigne/Sites/gite/vendor/twig/twig/lib/Twig/Environment.php(347): Twig_Environment->loadTemplate('gallery.twig')
#4 /Users/dylanlecigne/Sites/gite/system/Helpers/Twig.php(88): Twig_Environment->render('gallery.twig', Array)
#5 /Users/dylanlecigne/Sites/gite/system/Helpers/Twig.php(54): Helpers\Twig::generateRendering('Gallery/gallery', Array, 'twig')
#6 /Users/dylanlecigne/Sites/gite/app/Controllers/Gallery.php(42): Helpers\Twig::render('Gallery/gallery', Array)
#7 [internal function]: App\Controllers\Gallery->index()
#8 /Users/dylanlecigne/Sites/gite/system/Core/Router.php(213): call_user_func_array(Array, Array)
#9 /Users/dylanlecigne/Sites/gite/system/Core/Router.php(244): Core\Router->invokeController('App\\Controllers...', 'index', Array)
#10 /Users/dylanlecigne/Sites/gite/system/Core/Router.php(281): Core\Router->invokeObject('App\\Controllers...', Array)
#11 /Users/dylanlecigne/Sites/gite/app/Routes.php(50): Core\Router->dispatch()
#12 /Users/dylanlecigne/Sites/gite/index.php(73): require('/Users/dylanlec...')
#13 {main}

           ---------

Exception information:

           Date: Jan 31, 2017 13:21PM

           Message: Unable to find template "gallery.twig" (looked into: /Users/dylanlecigne/Sites/gite/app/Views/Gallery).

           Code: 0

           File: /Users/dylanlecigne/Sites/gite/vendor/twig/twig/lib/Twig/Loader/Filesystem.php

           Line: 215

           Stack trace:

           #0 /Users/dylanlecigne/Sites/gite/vendor/twig/twig/lib/Twig/Loader/Filesystem.php(139): Twig_Loader_Filesystem->findTemplate('gallery.twig')
#1 /Users/dylanlecigne/Sites/gite/vendor/twig/twig/lib/Twig/Environment.php(312): Twig_Loader_Filesystem->getCacheKey('gallery.twig')
#2 /Users/dylanlecigne/Sites/gite/vendor/twig/twig/lib/Twig/Environment.php(378): Twig_Environment->getTemplateClass('gallery.twig', NULL)
#3 /Users/dylanlecigne/Sites/gite/vendor/twig/twig/lib/Twig/Environment.php(347): Twig_Environment->loadTemplate('gallery.twig')
#4 /Users/dylanlecigne/Sites/gite/system/Helpers/Twig.php(88): Twig_Environment->render('gallery.twig', Array)
#5 /Users/dylanlecigne/Sites/gite/system/Helpers/Twig.php(54): Helpers\Twig::generateRendering('Gallery/gallery', Array, 'twig')
#6 /Users/dylanlecigne/Sites/gite/app/Controllers/Gallery.php(42): Helpers\Twig::render('Gallery/gallery', Array)
#7 [internal function]: App\Controllers\Gallery->index()
#8 /Users/dylanlecigne/Sites/gite/system/Core/Router.php(213): call_user_func_array(Array, Array)
#9 /Users/dylanlecigne/Sites/gite/system/Core/Router.php(244): Core\Router->invokeController('App\\Controllers...', 'index', Array)
#10 /Users/dylanlecigne/Sites/gite/system/Core/Router.php(281): Core\Router->invokeObject('App\\Controllers...', Array)
#11 /Users/dylanlecigne/Sites/gite/app/Routes.php(50): Core\Router->dispatch()
#12 /Users/dylanlecigne/Sites/gite/index.php(73): require('/Users/dylanlec...')
#13 {main}

           ---------

Exception information:

           Date: Jan 31, 2017 13:25PM

           Message: Unable to find template "gallery.twig" (looked into: /Users/dylanlecigne/Sites/gite/app/Views/Gallery).

           Code: 0

           File: /Users/dylanlecigne/Sites/gite/vendor/twig/twig/lib/Twig/Loader/Filesystem.php

           Line: 215

           Stack trace:

           #0 /Users/dylanlecigne/Sites/gite/vendor/twig/twig/lib/Twig/Loader/Filesystem.php(139): Twig_Loader_Filesystem->findTemplate('gallery.twig')
#1 /Users/dylanlecigne/Sites/gite/vendor/twig/twig/lib/Twig/Environment.php(312): Twig_Loader_Filesystem->getCacheKey('gallery.twig')
#2 /Users/dylanlecigne/Sites/gite/vendor/twig/twig/lib/Twig/Environment.php(378): Twig_Environment->getTemplateClass('gallery.twig', NULL)
#3 /Users/dylanlecigne/Sites/gite/vendor/twig/twig/lib/Twig/Environment.php(347): Twig_Environment->loadTemplate('gallery.twig')
#4 /Users/dylanlecigne/Sites/gite/system/Helpers/Twig.php(88): Twig_Environment->render('gallery.twig', Array)
#5 /Users/dylanlecigne/Sites/gite/system/Helpers/Twig.php(54): Helpers\Twig::generateRendering('Gallery/gallery', Array, 'twig')
#6 /Users/dylanlecigne/Sites/gite/app/Controllers/Gallery.php(42): Helpers\Twig::render('Gallery/gallery', Array)
#7 [internal function]: App\Controllers\Gallery->index()
#8 /Users/dylanlecigne/Sites/gite/system/Core/Router.php(213): call_user_func_array(Array, Array)
#9 /Users/dylanlecigne/Sites/gite/system/Core/Router.php(244): Core\Router->invokeController('App\\Controllers...', 'index', Array)
#10 /Users/dylanlecigne/Sites/gite/system/Core/Router.php(281): Core\Router->invokeObject('App\\Controllers...', Array)
#11 /Users/dylanlecigne/Sites/gite/app/Routes.php(50): Core\Router->dispatch()
#12 /Users/dylanlecigne/Sites/gite/index.php(73): require('/Users/dylanlec...')
#13 {main}

           ---------

Exception information:

           Date: Jan 31, 2017 13:25PM

           Message: Unable to find template "gallery.twig" (looked into: /Users/dylanlecigne/Sites/gite/app/Views/Gallery).

           Code: 0

           File: /Users/dylanlecigne/Sites/gite/vendor/twig/twig/lib/Twig/Loader/Filesystem.php

           Line: 215

           Stack trace:

           #0 /Users/dylanlecigne/Sites/gite/vendor/twig/twig/lib/Twig/Loader/Filesystem.php(139): Twig_Loader_Filesystem->findTemplate('gallery.twig')
#1 /Users/dylanlecigne/Sites/gite/vendor/twig/twig/lib/Twig/Environment.php(312): Twig_Loader_Filesystem->getCacheKey('gallery.twig')
#2 /Users/dylanlecigne/Sites/gite/vendor/twig/twig/lib/Twig/Environment.php(378): Twig_Environment->getTemplateClass('gallery.twig', NULL)
#3 /Users/dylanlecigne/Sites/gite/vendor/twig/twig/lib/Twig/Environment.php(347): Twig_Environment->loadTemplate('gallery.twig')
#4 /Users/dylanlecigne/Sites/gite/system/Helpers/Twig.php(88): Twig_Environment->render('gallery.twig', Array)
#5 /Users/dylanlecigne/Sites/gite/system/Helpers/Twig.php(54): Helpers\Twig::generateRendering('Gallery/gallery', Array, 'twig')
#6 /Users/dylanlecigne/Sites/gite/app/Controllers/Gallery.php(42): Helpers\Twig::render('Gallery/gallery', Array)
#7 [internal function]: App\Controllers\Gallery->index()
#8 /Users/dylanlecigne/Sites/gite/system/Core/Router.php(213): call_user_func_array(Array, Array)
#9 /Users/dylanlecigne/Sites/gite/system/Core/Router.php(244): Core\Router->invokeController('App\\Controllers...', 'index', Array)
#10 /Users/dylanlecigne/Sites/gite/system/Core/Router.php(281): Core\Router->invokeObject('App\\Controllers...', Array)
#11 /Users/dylanlecigne/Sites/gite/app/Routes.php(50): Core\Router->dispatch()
#12 /Users/dylanlecigne/Sites/gite/index.php(73): require('/Users/dylanlec...')
#13 {main}

           ---------

Exception information:

           Date: Jan 31, 2017 13:25PM

           Message: Unable to find template "gallery.twig" (looked into: /Users/dylanlecigne/Sites/gite/app/Views/Gallery).

           Code: 0

           File: /Users/dylanlecigne/Sites/gite/vendor/twig/twig/lib/Twig/Loader/Filesystem.php

           Line: 215

           Stack trace:

           #0 /Users/dylanlecigne/Sites/gite/vendor/twig/twig/lib/Twig/Loader/Filesystem.php(139): Twig_Loader_Filesystem->findTemplate('gallery.twig')
#1 /Users/dylanlecigne/Sites/gite/vendor/twig/twig/lib/Twig/Environment.php(312): Twig_Loader_Filesystem->getCacheKey('gallery.twig')
#2 /Users/dylanlecigne/Sites/gite/vendor/twig/twig/lib/Twig/Environment.php(378): Twig_Environment->getTemplateClass('gallery.twig', NULL)
#3 /Users/dylanlecigne/Sites/gite/vendor/twig/twig/lib/Twig/Environment.php(347): Twig_Environment->loadTemplate('gallery.twig')
#4 /Users/dylanlecigne/Sites/gite/system/Helpers/Twig.php(88): Twig_Environment->render('gallery.twig', Array)
#5 /Users/dylanlecigne/Sites/gite/system/Helpers/Twig.php(54): Helpers\Twig::generateRendering('Gallery/gallery', Array, 'twig')
#6 /Users/dylanlecigne/Sites/gite/app/Controllers/Gallery.php(42): Helpers\Twig::render('Gallery/gallery', Array)
#7 [internal function]: App\Controllers\Gallery->index()
#8 /Users/dylanlecigne/Sites/gite/system/Core/Router.php(213): call_user_func_array(Array, Array)
#9 /Users/dylanlecigne/Sites/gite/system/Core/Router.php(244): Core\Router->invokeController('App\\Controllers...', 'index', Array)
#10 /Users/dylanlecigne/Sites/gite/system/Core/Router.php(281): Core\Router->invokeObject('App\\Controllers...', Array)
#11 /Users/dylanlecigne/Sites/gite/app/Routes.php(50): Core\Router->dispatch()
#12 /Users/dylanlecigne/Sites/gite/index.php(73): require('/Users/dylanlec...')
#13 {main}

           ---------

Exception information:

           Date: Jan 31, 2017 13:29PM

           Message: Unable to find template "gallery.twig" (looked into: /Users/dylanlecigne/Sites/gite/app/Views/Gallery).

           Code: 0

           File: /Users/dylanlecigne/Sites/gite/vendor/twig/twig/lib/Twig/Loader/Filesystem.php

           Line: 215

           Stack trace:

           #0 /Users/dylanlecigne/Sites/gite/vendor/twig/twig/lib/Twig/Loader/Filesystem.php(139): Twig_Loader_Filesystem->findTemplate('gallery.twig')
#1 /Users/dylanlecigne/Sites/gite/vendor/twig/twig/lib/Twig/Environment.php(312): Twig_Loader_Filesystem->getCacheKey('gallery.twig')
#2 /Users/dylanlecigne/Sites/gite/vendor/twig/twig/lib/Twig/Environment.php(378): Twig_Environment->getTemplateClass('gallery.twig', NULL)
#3 /Users/dylanlecigne/Sites/gite/vendor/twig/twig/lib/Twig/Environment.php(347): Twig_Environment->loadTemplate('gallery.twig')
#4 /Users/dylanlecigne/Sites/gite/system/Helpers/Twig.php(88): Twig_Environment->render('gallery.twig', Array)
#5 /Users/dylanlecigne/Sites/gite/system/Helpers/Twig.php(54): Helpers\Twig::generateRendering('Gallery/gallery', Array, 'twig')
#6 /Users/dylanlecigne/Sites/gite/app/Controllers/Gallery.php(42): Helpers\Twig::render('Gallery/gallery', Array)
#7 [internal function]: App\Controllers\Gallery->index()
#8 /Users/dylanlecigne/Sites/gite/system/Core/Router.php(213): call_user_func_array(Array, Array)
#9 /Users/dylanlecigne/Sites/gite/system/Core/Router.php(244): Core\Router->invokeController('App\\Controllers...', 'index', Array)
#10 /Users/dylanlecigne/Sites/gite/system/Core/Router.php(281): Core\Router->invokeObject('App\\Controllers...', Array)
#11 /Users/dylanlecigne/Sites/gite/app/Routes.php(50): Core\Router->dispatch()
#12 /Users/dylanlecigne/Sites/gite/index.php(73): require('/Users/dylanlec...')
#13 {main}

           ---------

Exception information:

           Date: Jan 31, 2017 13:34PM

           Message: Unable to find template "gallery.twig" (looked into: /Users/dylanlecigne/Sites/gite/app/Views/Gallery).

           Code: 0

           File: /Users/dylanlecigne/Sites/gite/vendor/twig/twig/lib/Twig/Loader/Filesystem.php

           Line: 215

           Stack trace:

           #0 /Users/dylanlecigne/Sites/gite/vendor/twig/twig/lib/Twig/Loader/Filesystem.php(139): Twig_Loader_Filesystem->findTemplate('gallery.twig')
#1 /Users/dylanlecigne/Sites/gite/vendor/twig/twig/lib/Twig/Environment.php(312): Twig_Loader_Filesystem->getCacheKey('gallery.twig')
#2 /Users/dylanlecigne/Sites/gite/vendor/twig/twig/lib/Twig/Environment.php(378): Twig_Environment->getTemplateClass('gallery.twig', NULL)
#3 /Users/dylanlecigne/Sites/gite/vendor/twig/twig/lib/Twig/Environment.php(347): Twig_Environment->loadTemplate('gallery.twig')
#4 /Users/dylanlecigne/Sites/gite/system/Helpers/Twig.php(88): Twig_Environment->render('gallery.twig', Array)
#5 /Users/dylanlecigne/Sites/gite/system/Helpers/Twig.php(54): Helpers\Twig::generateRendering('Gallery/gallery', Array, 'twig')
#6 /Users/dylanlecigne/Sites/gite/app/Controllers/Gallery.php(42): Helpers\Twig::render('Gallery/gallery', Array)
#7 [internal function]: App\Controllers\Gallery->index()
#8 /Users/dylanlecigne/Sites/gite/system/Core/Router.php(213): call_user_func_array(Array, Array)
#9 /Users/dylanlecigne/Sites/gite/system/Core/Router.php(244): Core\Router->invokeController('App\\Controllers...', 'index', Array)
#10 /Users/dylanlecigne/Sites/gite/system/Core/Router.php(281): Core\Router->invokeObject('App\\Controllers...', Array)
#11 /Users/dylanlecigne/Sites/gite/app/Routes.php(50): Core\Router->dispatch()
#12 /Users/dylanlecigne/Sites/gite/index.php(73): require('/Users/dylanlec...')
#13 {main}

           ---------

Exception information:

           Date: Jan 31, 2017 13:35PM

           Message: Unable to find template "gallery.twig" (looked into: /Users/dylanlecigne/Sites/gite/app/Views/Gallery).

           Code: 0

           File: /Users/dylanlecigne/Sites/gite/vendor/twig/twig/lib/Twig/Loader/Filesystem.php

           Line: 215

           Stack trace:

           #0 /Users/dylanlecigne/Sites/gite/vendor/twig/twig/lib/Twig/Loader/Filesystem.php(139): Twig_Loader_Filesystem->findTemplate('gallery.twig')
#1 /Users/dylanlecigne/Sites/gite/vendor/twig/twig/lib/Twig/Environment.php(312): Twig_Loader_Filesystem->getCacheKey('gallery.twig')
#2 /Users/dylanlecigne/Sites/gite/vendor/twig/twig/lib/Twig/Environment.php(378): Twig_Environment->getTemplateClass('gallery.twig', NULL)
#3 /Users/dylanlecigne/Sites/gite/vendor/twig/twig/lib/Twig/Environment.php(347): Twig_Environment->loadTemplate('gallery.twig')
#4 /Users/dylanlecigne/Sites/gite/system/Helpers/Twig.php(88): Twig_Environment->render('gallery.twig', Array)
#5 /Users/dylanlecigne/Sites/gite/system/Helpers/Twig.php(54): Helpers\Twig::generateRendering('Gallery/gallery', Array, 'twig')
#6 /Users/dylanlecigne/Sites/gite/app/Controllers/Gallery.php(42): Helpers\Twig::render('Gallery/gallery', Array)
#7 [internal function]: App\Controllers\Gallery->index()
#8 /Users/dylanlecigne/Sites/gite/system/Core/Router.php(213): call_user_func_array(Array, Array)
#9 /Users/dylanlecigne/Sites/gite/system/Core/Router.php(244): Core\Router->invokeController('App\\Controllers...', 'index', Array)
#10 /Users/dylanlecigne/Sites/gite/system/Core/Router.php(281): Core\Router->invokeObject('App\\Controllers...', Array)
#11 /Users/dylanlecigne/Sites/gite/app/Routes.php(50): Core\Router->dispatch()
#12 /Users/dylanlecigne/Sites/gite/index.php(73): require('/Users/dylanlec...')
#13 {main}

           ---------

Exception information:

           Date: Jan 31, 2017 13:38PM

           Message: Unable to find template "gallery..php" (looked into: /Users/dylanlecigne/Sites/gite/app/Views/Gallery).

           Code: 0

           File: /Users/dylanlecigne/Sites/gite/vendor/twig/twig/lib/Twig/Loader/Filesystem.php

           Line: 215

           Stack trace:

           #0 /Users/dylanlecigne/Sites/gite/vendor/twig/twig/lib/Twig/Loader/Filesystem.php(139): Twig_Loader_Filesystem->findTemplate('gallery..php')
#1 /Users/dylanlecigne/Sites/gite/vendor/twig/twig/lib/Twig/Environment.php(312): Twig_Loader_Filesystem->getCacheKey('gallery..php')
#2 /Users/dylanlecigne/Sites/gite/vendor/twig/twig/lib/Twig/Environment.php(378): Twig_Environment->getTemplateClass('gallery..php', NULL)
#3 /Users/dylanlecigne/Sites/gite/vendor/twig/twig/lib/Twig/Environment.php(347): Twig_Environment->loadTemplate('gallery..php')
#4 /Users/dylanlecigne/Sites/gite/system/Helpers/Twig.php(88): Twig_Environment->render('gallery..php', Array)
#5 /Users/dylanlecigne/Sites/gite/system/Helpers/Twig.php(54): Helpers\Twig::generateRendering('Gallery/gallery', Array, '.php')
#6 /Users/dylanlecigne/Sites/gite/app/Controllers/Gallery.php(42): Helpers\Twig::render('Gallery/gallery', Array, '.php')
#7 [internal function]: App\Controllers\Gallery->index()
#8 /Users/dylanlecigne/Sites/gite/system/Core/Router.php(213): call_user_func_array(Array, Array)
#9 /Users/dylanlecigne/Sites/gite/system/Core/Router.php(244): Core\Router->invokeController('App\\Controllers...', 'index', Array)
#10 /Users/dylanlecigne/Sites/gite/system/Core/Router.php(281): Core\Router->invokeObject('App\\Controllers...', Array)
#11 /Users/dylanlecigne/Sites/gite/app/Routes.php(50): Core\Router->dispatch()
#12 /Users/dylanlecigne/Sites/gite/index.php(73): require('/Users/dylanlec...')
#13 {main}

           ---------

Exception information:

           Date: Jan 31, 2017 13:38PM

           Message: Unable to find template "gallery..php" (looked into: /Users/dylanlecigne/Sites/gite/app/Views/Gallery).

           Code: 0

           File: /Users/dylanlecigne/Sites/gite/vendor/twig/twig/lib/Twig/Loader/Filesystem.php

           Line: 215

           Stack trace:

           #0 /Users/dylanlecigne/Sites/gite/vendor/twig/twig/lib/Twig/Loader/Filesystem.php(139): Twig_Loader_Filesystem->findTemplate('gallery..php')
#1 /Users/dylanlecigne/Sites/gite/vendor/twig/twig/lib/Twig/Environment.php(312): Twig_Loader_Filesystem->getCacheKey('gallery..php')
#2 /Users/dylanlecigne/Sites/gite/vendor/twig/twig/lib/Twig/Environment.php(378): Twig_Environment->getTemplateClass('gallery..php', NULL)
#3 /Users/dylanlecigne/Sites/gite/vendor/twig/twig/lib/Twig/Environment.php(347): Twig_Environment->loadTemplate('gallery..php')
#4 /Users/dylanlecigne/Sites/gite/system/Helpers/Twig.php(88): Twig_Environment->render('gallery..php', Array)
#5 /Users/dylanlecigne/Sites/gite/system/Helpers/Twig.php(54): Helpers\Twig::generateRendering('Gallery/gallery', Array, '.php')
#6 /Users/dylanlecigne/Sites/gite/app/Controllers/Gallery.php(42): Helpers\Twig::render('Gallery/gallery', Array, '.php')
#7 [internal function]: App\Controllers\Gallery->index()
#8 /Users/dylanlecigne/Sites/gite/system/Core/Router.php(213): call_user_func_array(Array, Array)
#9 /Users/dylanlecigne/Sites/gite/system/Core/Router.php(244): Core\Router->invokeController('App\\Controllers...', 'index', Array)
#10 /Users/dylanlecigne/Sites/gite/system/Core/Router.php(281): Core\Router->invokeObject('App\\Controllers...', Array)
#11 /Users/dylanlecigne/Sites/gite/app/Routes.php(50): Core\Router->dispatch()
#12 /Users/dylanlecigne/Sites/gite/index.php(73): require('/Users/dylanlec...')
#13 {main}

           ---------

Exception information:

           Date: Jan 31, 2017 13:38PM

           Message: Unable to find template "gallery..php" (looked into: /Users/dylanlecigne/Sites/gite/app/Views/Gallery).

           Code: 0

           File: /Users/dylanlecigne/Sites/gite/vendor/twig/twig/lib/Twig/Loader/Filesystem.php

           Line: 215

           Stack trace:

           #0 /Users/dylanlecigne/Sites/gite/vendor/twig/twig/lib/Twig/Loader/Filesystem.php(139): Twig_Loader_Filesystem->findTemplate('gallery..php')
#1 /Users/dylanlecigne/Sites/gite/vendor/twig/twig/lib/Twig/Environment.php(312): Twig_Loader_Filesystem->getCacheKey('gallery..php')
#2 /Users/dylanlecigne/Sites/gite/vendor/twig/twig/lib/Twig/Environment.php(378): Twig_Environment->getTemplateClass('gallery..php', NULL)
#3 /Users/dylanlecigne/Sites/gite/vendor/twig/twig/lib/Twig/Environment.php(347): Twig_Environment->loadTemplate('gallery..php')
#4 /Users/dylanlecigne/Sites/gite/system/Helpers/Twig.php(88): Twig_Environment->render('gallery..php', Array)
#5 /Users/dylanlecigne/Sites/gite/system/Helpers/Twig.php(54): Helpers\Twig::generateRendering('Gallery/gallery', Array, '.php')
#6 /Users/dylanlecigne/Sites/gite/app/Controllers/Gallery.php(42): Helpers\Twig::render('Gallery/gallery', Array, '.php')
#7 [internal function]: App\Controllers\Gallery->index()
#8 /Users/dylanlecigne/Sites/gite/system/Core/Router.php(213): call_user_func_array(Array, Array)
#9 /Users/dylanlecigne/Sites/gite/system/Core/Router.php(244): Core\Router->invokeController('App\\Controllers...', 'index', Array)
#10 /Users/dylanlecigne/Sites/gite/system/Core/Router.php(281): Core\Router->invokeObject('App\\Controllers...', Array)
#11 /Users/dylanlecigne/Sites/gite/app/Routes.php(50): Core\Router->dispatch()
#12 /Users/dylanlecigne/Sites/gite/index.php(73): require('/Users/dylanlec...')
#13 {main}

           ---------

